11:53:14 **** Build of configuration Nios II for project implem_UART ****
make mem_init_generate 
Info: Compiling hello_world.c to obj/default/hello_world.o
nios2-elf-gcc -xc -MP -MMD -c -I../Ixtopor_bsp//HAL/inc -I../Ixtopor_bsp/ -I../Ixtopor_bsp//drivers/inc  -pipe -D__hal__ -DALT_NO_INSTRUCTION_EMULATION -DALT_SINGLE_THREADED    -O0 -g -Wall   -mno-hw-div -mno-hw-mul -mno-hw-mulx -mgpopt=global  -o obj/default/hello_world.o hello_world.c
Info: Building ../Ixtopor_bsp/
C:/intelFPGA_lite/17.0/nios2eds/bin/gnu/H-x86_64-mingw32/bin/make --no-print-directory -C ../Ixtopor_bsp/
[BSP build complete]
Info: Linking implem_UART.elf
nios2-elf-g++  -T'../Ixtopor_bsp//linker.x' -msys-crt0='../Ixtopor_bsp//obj/HAL/src/crt0.o' -msys-lib=hal_bsp -L../Ixtopor_bsp/   -Wl,-Map=implem_UART.map   -O0 -g -Wall   -mno-hw-div -mno-hw-mul -mno-hw-mulx -mgpopt=global  -o implem_UART.elf obj/default/hello_world.o -lm -msys-lib=m
nios2-elf-insert implem_UART.elf --thread_model hal --cpu_name cpu --qsys true --simulation_enabled false --id 242 --sidp 0x21210 --timestamp 1512350717 --stderr_dev jtag_uart --stdin_dev jtag_uart --stdout_dev jtag_uart --sopc_system_name sopc_2 --quartus_project_dir "C:/github/Ixtopor-FPGA" --jdi ../..//output_files/sistema_basico2.jdi --sopcinfo C:/github/Ixtopor-FPGA/software/Ixtopor_bsp/../../sopc_2.sopcinfo
Info: (implem_UART.elf) 31 KBytes program size (code + initialized data).
Info:                   636 Bytes free for stack + heap.
Post-processing to create mem_init/sopc_2_memoria.hex...
elf2hex implem_UART.elf 0x00010000 0x00019c3f --width=32 --little-endian-mem --create-lanes=0 mem_init/sopc_2_memoria.hex
Post-processing to create mem_init/hdl_sim/sopc_2_memoria.dat...
elf2dat --infile=implem_UART.elf --outfile=mem_init/hdl_sim/sopc_2_memoria.dat \
		--base=0x00010000 --end=0x00019c3f --width=32 \
		--little-endian-mem --create-lanes=0 
Post-processing to create mem_init/hdl_sim/sopc_2_memoria.sym...
nios2-elf-nm -n implem_UART.elf > mem_init/hdl_sim/sopc_2_memoria.sym
Post-processing to create mem_init/meminit.spd...
Post-processing to create mem_init/meminit.qip...
12:01:49 **** Incremental Build of configuration Nios II for project Ixtopor ****
make all 
Info: Building ../Ixtopor_bsp/
C:/intelFPGA_lite/17.0/nios2eds/bin/gnu/H-x86_64-mingw32/bin/make --no-print-directory -C ../Ixtopor_bsp/
[BSP build complete]
[Ixtopor build complete]
12:02:15 **** Incremental Build of configuration Nios II for project implem_UART ****
make all 
Info: Building ../Ixtopor_bsp/
C:/intelFPGA_lite/17.0/nios2eds/bin/gnu/H-x86_64-mingw32/bin/make --no-print-directory -C ../Ixtopor_bsp/
[BSP build complete]
Info: Compiling hello_world.c to obj/default/hello_world.o
nios2-elf-gcc -xc -MP -MMD -c -I../Ixtopor_bsp//HAL/inc -I../Ixtopor_bsp/ -I../Ixtopor_bsp//drivers/inc  -pipe -D__hal__ -DALT_NO_INSTRUCTION_EMULATION -DALT_SINGLE_THREADED    -O0 -g -Wall   -mno-hw-div -mno-hw-mul -mno-hw-mulx -mgpopt=global  -o obj/default/hello_world.o hello_world.c
hello_world.c:18:36: fatal error: altera_up_avalon_rs232.h: No such file or directory
compilation terminated.
make: *** [obj/default/hello_world.o] Error 1
