18:22:37 **** Incremental Build of configuration Nios II for project implem_UART ****
make all 
Info: Building ../Ixtopor_bsp/
C:/intelFPGA_lite/17.0/nios2eds/bin/gnu/H-x86_64-mingw32/bin/make --no-print-directory -C ../Ixtopor_bsp/
[BSP build complete]
Info: Compiling hello_world.c to obj/default/hello_world.o
nios2-elf-gcc -xc -MP -MMD -c -I../Ixtopor_bsp//HAL/inc -I../Ixtopor_bsp/ -I../Ixtopor_bsp//drivers/inc  -pipe -D__hal__ -DALT_NO_INSTRUCTION_EMULATION -DALT_SINGLE_THREADED    -O0 -g -Wall   -mno-hw-div -mno-hw-mul -mno-hw-mulx -mgpopt=global  -o obj/default/hello_world.o hello_world.c
hello_world.c: In function 'main':
hello_world.c:36:2: warning: implicit declaration of function 'printf' [-Wimplicit-function-declaration]
  printf("Programa iniciado!\n");
  ^
hello_world.c:36:2: warning: incompatible implicit declaration of built-in function 'printf'
hello_world.c:36:2: note: include '<stdio.h>' or provide a declaration of 'printf'
hello_world.c:38:2: warning: implicit declaration of function 'send_data' [-Wimplicit-function-declaration]
  send_data(valor, rs232);
  ^
hello_world.c:41:11: warning: unused variable 'num_dados' [-Wunused-variable]
  unsigned num_dados = alt_up_rs232_get_used_space_in_read_FIFO(rs232);
           ^
hello_world.c:33:8: warning: unused variable 's' [-Wunused-variable]
  char *s;
        ^
hello_world.c: At top level:
hello_world.c:61:6: warning: conflicting types for 'send_data'
 void send_data(alt_u8 data, alt_up_rs232_dev *rs232){
      ^
hello_world.c:38:2: note: previous implicit declaration of 'send_data' was here
  send_data(valor, rs232);
  ^
hello_world.c: In function 'main':
hello_world.c:46:7: warning: 'dado' may be used uninitialized in this function [-Wmaybe-uninitialized]
   if(!alt_up_rs232_read_data(rs232, dado, parity_error )){
       ^
hello_world.c:46:7: warning: 'parity_error' may be used uninitialized in this function [-Wmaybe-uninitialized]
Info: Linking implem_UART.elf
nios2-elf-g++  -T'../Ixtopor_bsp//linker.x' -msys-crt0='../Ixtopor_bsp//obj/HAL/src/crt0.o' -msys-lib=hal_bsp -L../Ixtopor_bsp/   -Wl,-Map=implem_UART.map   -O0 -g -Wall   -mno-hw-div -mno-hw-mul -mno-hw-mulx -mgpopt=global  -o implem_UART.elf obj/default/hello_world.o -lm -msys-lib=m
nios2-elf-insert implem_UART.elf --thread_model hal --cpu_name cpu --qsys true --simulation_enabled false --id 242 --sidp 0x21210 --timestamp 1512482898 --stderr_dev jtag_uart --stdin_dev jtag_uart --stdout_dev jtag_uart --sopc_system_name sopc_2 --quartus_project_dir "C:/github/Ixtopor-FPGA" --jdi ../..//output_files/sistema_basico2.jdi --sopcinfo C:/github/Ixtopor-FPGA/software/Ixtopor_bsp/../../sopc_2.sopcinfo
Info: (implem_UART.elf) 31 KBytes program size (code + initialized data).
Info:                   532 Bytes free for stack + heap.
Info: Creating implem_UART.objdump
nios2-elf-objdump --disassemble --syms --all-header --source implem_UART.elf >implem_UART.objdump
[implem_UART build complete]

18:22:39 Build Finished (took 2s.159ms)

