09:42:09 **** Incremental Build of configuration Nios II for project problema4 ****
make all 
Info: Building ../problema4_bsp/
C:/intelFPGA_lite/17.0/nios2eds/bin/gnu/H-x86_64-mingw32/bin/make --no-print-directory -C ../problema4_bsp/
[BSP build complete]
Info: Compiling hello_world.c to obj/default/hello_world.o
nios2-elf-gcc -xc -MP -MMD -c -I../problema4_bsp//HAL/inc -I../problema4_bsp/ -I../problema4_bsp//drivers/inc  -pipe -D__hal__ -DALT_NO_INSTRUCTION_EMULATION -DALT_SINGLE_THREADED    -O0 -g -Wall   -mno-hw-div -mno-hw-mul -mno-hw-mulx -mgpopt=global  -o obj/default/hello_world.o hello_world.c
hello_world.c: In function 'main':
hello_world.c:24:6: warning: unused variable 'teste' [-Wunused-variable]
  int teste = 0;
      ^
hello_world.c: In function 'mover':
hello_world.c:88:29: warning: variable 'angB' set but not used [-Wunused-but-set-variable]
  int distX=0,distY=0,angA=0,angB=0;
                             ^
hello_world.c:88:22: warning: variable 'angA' set but not used [-Wunused-but-set-variable]
  int distX=0,distY=0,angA=0,angB=0;
                      ^
hello_world.c:88:14: warning: variable 'distY' set but not used [-Wunused-but-set-variable]
  int distX=0,distY=0,angA=0,angB=0;
              ^
hello_world.c:88:6: warning: unused variable 'distX' [-Wunused-variable]
  int distX=0,distY=0,angA=0,angB=0;
      ^
hello_world.c: In function 'read_serial':
hello_world.c:64:7: warning: 'dado' is used uninitialized in this function [-Wuninitialized]
   if(!alt_up_rs232_read_data(rs232, dado, parity_error )){
       ^
hello_world.c:64:7: warning: 'parity_error' is used uninitialized in this function [-Wuninitialized]
Info: Linking problema4.elf
nios2-elf-g++  -T'../problema4_bsp//linker.x' -msys-crt0='../problema4_bsp//obj/HAL/src/crt0.o' -msys-lib=hal_bsp -L../problema4_bsp/   -Wl,-Map=problema4.map   -O0 -g -Wall   -mno-hw-div -mno-hw-mul -mno-hw-mulx -mgpopt=global  -o problema4.elf obj/default/hello_world.o -lm -msys-lib=m
nios2-elf-insert problema4.elf --thread_model hal --cpu_name cpu --qsys true --simulation_enabled false --id 242 --sidp 0x21210 --timestamp 1512614213 --stderr_dev jtag_uart --stdin_dev jtag_uart --stdout_dev jtag_uart --sopc_system_name sopc_2 --quartus_project_dir "C:/github/Ixtopor-FPGA" --jdi ../..//output_files/sistema_basico2.jdi --sopcinfo C:/github/Ixtopor-FPGA/software/problema4_bsp/../../sopc_2.sopcinfo
Info: (problema4.elf) 32 KBytes program size (code + initialized data).
Info:                 10000 Bytes free for stack + heap.
Info: Creating problema4.objdump
nios2-elf-objdump --disassemble --syms --all-header --source problema4.elf >problema4.objdump
[problema4 build complete]
